[2020-04-15 15:54:34,913] {taskinstance.py:630} INFO - Dependencies all met for <TaskInstance: Create_Target_Tables.delete_source_table 2020-04-15T15:53:45.023468+00:00 [queued]>
[2020-04-15 15:54:34,971] {taskinstance.py:630} INFO - Dependencies all met for <TaskInstance: Create_Target_Tables.delete_source_table 2020-04-15T15:53:45.023468+00:00 [queued]>
[2020-04-15 15:54:34,971] {taskinstance.py:841} INFO - 
--------------------------------------------------------------------------------
[2020-04-15 15:54:34,971] {taskinstance.py:842} INFO - Starting attempt 1 of 1
[2020-04-15 15:54:34,971] {taskinstance.py:843} INFO - 
--------------------------------------------------------------------------------
[2020-04-15 15:54:34,983] {taskinstance.py:862} INFO - Executing <Task(PostgresOperator): delete_source_table> on 2020-04-15T15:53:45.023468+00:00
[2020-04-15 15:54:34,984] {base_task_runner.py:133} INFO - Running: ['airflow', 'run', 'Create_Target_Tables', 'delete_source_table', '2020-04-15T15:53:45.023468+00:00', '--job_id', '97', '--pool', 'default_pool', '--raw', '-sd', 'DAGS_FOLDER/test.py', '--cfg_path', '/tmp/tmpwqj7elb_']
[2020-04-15 15:54:36,534] {base_task_runner.py:115} INFO - Job 97: Subtask delete_source_table /usr/local/lib/python3.7/site-packages/airflow/configuration.py:226: FutureWarning: The task_runner setting in [core] has the old default value of 'BashTaskRunner'. This value has been changed to 'StandardTaskRunner' in the running config, but please update your config before Apache Airflow 2.0.
[2020-04-15 15:54:36,534] {base_task_runner.py:115} INFO - Job 97: Subtask delete_source_table   FutureWarning
[2020-04-15 15:54:36,534] {base_task_runner.py:115} INFO - Job 97: Subtask delete_source_table /usr/local/lib/python3.7/site-packages/airflow/config_templates/airflow_local_settings.py:65: DeprecationWarning: The elasticsearch_host option in [elasticsearch] has been renamed to host - the old setting has been used, but please update your config.
[2020-04-15 15:54:36,534] {base_task_runner.py:115} INFO - Job 97: Subtask delete_source_table   ELASTICSEARCH_HOST = conf.get('elasticsearch', 'HOST')
[2020-04-15 15:54:36,534] {base_task_runner.py:115} INFO - Job 97: Subtask delete_source_table /usr/local/lib/python3.7/site-packages/airflow/config_templates/airflow_local_settings.py:67: DeprecationWarning: The elasticsearch_log_id_template option in [elasticsearch] has been renamed to log_id_template - the old setting has been used, but please update your config.
[2020-04-15 15:54:36,534] {base_task_runner.py:115} INFO - Job 97: Subtask delete_source_table   ELASTICSEARCH_LOG_ID_TEMPLATE = conf.get('elasticsearch', 'LOG_ID_TEMPLATE')
[2020-04-15 15:54:36,534] {base_task_runner.py:115} INFO - Job 97: Subtask delete_source_table /usr/local/lib/python3.7/site-packages/airflow/config_templates/airflow_local_settings.py:69: DeprecationWarning: The elasticsearch_end_of_log_mark option in [elasticsearch] has been renamed to end_of_log_mark - the old setting has been used, but please update your config.
[2020-04-15 15:54:36,534] {base_task_runner.py:115} INFO - Job 97: Subtask delete_source_table   ELASTICSEARCH_END_OF_LOG_MARK = conf.get('elasticsearch', 'END_OF_LOG_MARK')
[2020-04-15 15:54:36,771] {base_task_runner.py:115} INFO - Job 97: Subtask delete_source_table [2020-04-15 15:54:36,766] {settings.py:252} INFO - settings.configure_orm(): Using pool settings. pool_size=5, max_overflow=10, pool_recycle=1800, pid=2237
[2020-04-15 15:54:38,205] {base_task_runner.py:115} INFO - Job 97: Subtask delete_source_table [2020-04-15 15:54:38,204] {__init__.py:51} INFO - Using executor LocalExecutor
[2020-04-15 15:54:38,206] {base_task_runner.py:115} INFO - Job 97: Subtask delete_source_table [2020-04-15 15:54:38,205] {dagbag.py:92} INFO - Filling up the DagBag from /usr/local/airflow/dags/test.py
[2020-04-15 15:54:38,427] {base_task_runner.py:115} INFO - Job 97: Subtask delete_source_table [2020-04-15 15:54:38,426] {cli.py:545} INFO - Running <TaskInstance: Create_Target_Tables.delete_source_table 2020-04-15T15:53:45.023468+00:00 [running]> on host 782305ba671a
[2020-04-15 15:54:38,477] {postgres_operator.py:62} INFO - Executing: DROP TABLE IF EXISTS address CASCADE;
DROP TABLE IF EXISTS company CASCADE;
[2020-04-15 15:54:38,508] {logging_mixin.py:112} INFO - [2020-04-15 15:54:38,507] {base_hook.py:84} INFO - Using connection to: id: source. Host: sourcedb, Port: 5432, Schema: sourcedb, Login: sourcedb, Password: XXXXXXXX, extra: {}
[2020-04-15 15:54:38,523] {logging_mixin.py:112} INFO - [2020-04-15 15:54:38,523] {dbapi_hook.py:171} INFO - DROP TABLE IF EXISTS address CASCADE;
DROP TABLE IF EXISTS company CASCADE;
[2020-04-15 15:54:39,925] {logging_mixin.py:112} INFO - [2020-04-15 15:54:39,925] {local_task_job.py:124} WARNING - Time since last heartbeat(0.06 s) < heartrate(5.0 s), sleeping for 4.94245 s
[2020-04-15 15:54:44,873] {logging_mixin.py:112} INFO - [2020-04-15 15:54:44,872] {local_task_job.py:103} INFO - Task exited with return code 0
