[2020-04-15 15:53:51,364] {taskinstance.py:630} INFO - Dependencies all met for <TaskInstance: Create_Target_Tables.connection_trg 2020-04-15T15:53:45.023468+00:00 [queued]>
[2020-04-15 15:53:51,438] {taskinstance.py:630} INFO - Dependencies all met for <TaskInstance: Create_Target_Tables.connection_trg 2020-04-15T15:53:45.023468+00:00 [queued]>
[2020-04-15 15:53:51,439] {taskinstance.py:841} INFO - 
--------------------------------------------------------------------------------
[2020-04-15 15:53:51,439] {taskinstance.py:842} INFO - Starting attempt 1 of 1
[2020-04-15 15:53:51,439] {taskinstance.py:843} INFO - 
--------------------------------------------------------------------------------
[2020-04-15 15:53:51,488] {taskinstance.py:862} INFO - Executing <Task(PythonOperator): connection_trg> on 2020-04-15T15:53:45.023468+00:00
[2020-04-15 15:53:51,489] {base_task_runner.py:133} INFO - Running: ['airflow', 'run', 'Create_Target_Tables', 'connection_trg', '2020-04-15T15:53:45.023468+00:00', '--job_id', '91', '--pool', 'default_pool', '--raw', '-sd', 'DAGS_FOLDER/test.py', '--cfg_path', '/tmp/tmphgsv4vvb']
[2020-04-15 15:53:53,866] {base_task_runner.py:115} INFO - Job 91: Subtask connection_trg /usr/local/lib/python3.7/site-packages/airflow/configuration.py:226: FutureWarning: The task_runner setting in [core] has the old default value of 'BashTaskRunner'. This value has been changed to 'StandardTaskRunner' in the running config, but please update your config before Apache Airflow 2.0.
[2020-04-15 15:53:53,866] {base_task_runner.py:115} INFO - Job 91: Subtask connection_trg   FutureWarning
[2020-04-15 15:53:53,866] {base_task_runner.py:115} INFO - Job 91: Subtask connection_trg /usr/local/lib/python3.7/site-packages/airflow/config_templates/airflow_local_settings.py:65: DeprecationWarning: The elasticsearch_host option in [elasticsearch] has been renamed to host - the old setting has been used, but please update your config.
[2020-04-15 15:53:53,866] {base_task_runner.py:115} INFO - Job 91: Subtask connection_trg   ELASTICSEARCH_HOST = conf.get('elasticsearch', 'HOST')
[2020-04-15 15:53:53,866] {base_task_runner.py:115} INFO - Job 91: Subtask connection_trg /usr/local/lib/python3.7/site-packages/airflow/config_templates/airflow_local_settings.py:67: DeprecationWarning: The elasticsearch_log_id_template option in [elasticsearch] has been renamed to log_id_template - the old setting has been used, but please update your config.
[2020-04-15 15:53:53,867] {base_task_runner.py:115} INFO - Job 91: Subtask connection_trg   ELASTICSEARCH_LOG_ID_TEMPLATE = conf.get('elasticsearch', 'LOG_ID_TEMPLATE')
[2020-04-15 15:53:53,867] {base_task_runner.py:115} INFO - Job 91: Subtask connection_trg /usr/local/lib/python3.7/site-packages/airflow/config_templates/airflow_local_settings.py:69: DeprecationWarning: The elasticsearch_end_of_log_mark option in [elasticsearch] has been renamed to end_of_log_mark - the old setting has been used, but please update your config.
[2020-04-15 15:53:53,867] {base_task_runner.py:115} INFO - Job 91: Subtask connection_trg   ELASTICSEARCH_END_OF_LOG_MARK = conf.get('elasticsearch', 'END_OF_LOG_MARK')
[2020-04-15 15:53:54,351] {base_task_runner.py:115} INFO - Job 91: Subtask connection_trg [2020-04-15 15:53:54,348] {settings.py:252} INFO - settings.configure_orm(): Using pool settings. pool_size=5, max_overflow=10, pool_recycle=1800, pid=1776
[2020-04-15 15:53:56,334] {logging_mixin.py:112} INFO - [2020-04-15 15:53:56,334] {local_task_job.py:124} WARNING - Time since last heartbeat(0.04 s) < heartrate(5.0 s), sleeping for 4.963026 s
[2020-04-15 15:53:57,124] {base_task_runner.py:115} INFO - Job 91: Subtask connection_trg [2020-04-15 15:53:57,118] {__init__.py:51} INFO - Using executor LocalExecutor
[2020-04-15 15:53:57,125] {base_task_runner.py:115} INFO - Job 91: Subtask connection_trg [2020-04-15 15:53:57,124] {dagbag.py:92} INFO - Filling up the DagBag from /usr/local/airflow/dags/test.py
[2020-04-15 15:53:57,287] {base_task_runner.py:115} INFO - Job 91: Subtask connection_trg [2020-04-15 15:53:57,286] {cli.py:545} INFO - Running <TaskInstance: Create_Target_Tables.connection_trg 2020-04-15T15:53:45.023468+00:00 [running]> on host 782305ba671a
[2020-04-15 15:53:57,341] {python_operator.py:105} INFO - Exporting the following env vars:
AIRFLOW_CTX_DAG_ID=Create_Target_Tables
AIRFLOW_CTX_TASK_ID=connection_trg
AIRFLOW_CTX_EXECUTION_DATE=2020-04-15T15:53:45.023468+00:00
AIRFLOW_CTX_DAG_RUN_ID=manual__2020-04-15T15:53:45.023468+00:00
[2020-04-15 15:53:57,356] {python_operator.py:114} INFO - Done. Returned value was: True
[2020-04-15 15:54:01,303] {logging_mixin.py:112} INFO - [2020-04-15 15:54:01,302] {local_task_job.py:103} INFO - Task exited with return code 0
