[2020-04-07 23:39:44,046] {taskinstance.py:630} INFO - Dependencies all met for <TaskInstance: Create_Target_Tables.create_ext 2020-04-07T23:38:56.734963+00:00 [queued]>
[2020-04-07 23:39:44,123] {taskinstance.py:630} INFO - Dependencies all met for <TaskInstance: Create_Target_Tables.create_ext 2020-04-07T23:38:56.734963+00:00 [queued]>
[2020-04-07 23:39:44,123] {taskinstance.py:841} INFO - 
--------------------------------------------------------------------------------
[2020-04-07 23:39:44,123] {taskinstance.py:842} INFO - Starting attempt 1 of 1
[2020-04-07 23:39:44,123] {taskinstance.py:843} INFO - 
--------------------------------------------------------------------------------
[2020-04-07 23:39:44,156] {taskinstance.py:862} INFO - Executing <Task(PythonOperator): create_ext> on 2020-04-07T23:38:56.734963+00:00
[2020-04-07 23:39:44,156] {base_task_runner.py:133} INFO - Running: ['airflow', 'run', 'Create_Target_Tables', 'create_ext', '2020-04-07T23:38:56.734963+00:00', '--job_id', '11', '--pool', 'default_pool', '--raw', '-sd', 'DAGS_FOLDER/test.py', '--cfg_path', '/tmp/tmp2gske_4g']
[2020-04-07 23:39:46,596] {base_task_runner.py:115} INFO - Job 11: Subtask create_ext /usr/local/lib/python3.7/site-packages/airflow/configuration.py:226: FutureWarning: The task_runner setting in [core] has the old default value of 'BashTaskRunner'. This value has been changed to 'StandardTaskRunner' in the running config, but please update your config before Apache Airflow 2.0.
[2020-04-07 23:39:46,596] {base_task_runner.py:115} INFO - Job 11: Subtask create_ext   FutureWarning
[2020-04-07 23:39:46,597] {base_task_runner.py:115} INFO - Job 11: Subtask create_ext /usr/local/lib/python3.7/site-packages/airflow/config_templates/airflow_local_settings.py:65: DeprecationWarning: The elasticsearch_host option in [elasticsearch] has been renamed to host - the old setting has been used, but please update your config.
[2020-04-07 23:39:46,597] {base_task_runner.py:115} INFO - Job 11: Subtask create_ext   ELASTICSEARCH_HOST = conf.get('elasticsearch', 'HOST')
[2020-04-07 23:39:46,597] {base_task_runner.py:115} INFO - Job 11: Subtask create_ext /usr/local/lib/python3.7/site-packages/airflow/config_templates/airflow_local_settings.py:67: DeprecationWarning: The elasticsearch_log_id_template option in [elasticsearch] has been renamed to log_id_template - the old setting has been used, but please update your config.
[2020-04-07 23:39:46,597] {base_task_runner.py:115} INFO - Job 11: Subtask create_ext   ELASTICSEARCH_LOG_ID_TEMPLATE = conf.get('elasticsearch', 'LOG_ID_TEMPLATE')
[2020-04-07 23:39:46,597] {base_task_runner.py:115} INFO - Job 11: Subtask create_ext /usr/local/lib/python3.7/site-packages/airflow/config_templates/airflow_local_settings.py:69: DeprecationWarning: The elasticsearch_end_of_log_mark option in [elasticsearch] has been renamed to end_of_log_mark - the old setting has been used, but please update your config.
[2020-04-07 23:39:46,597] {base_task_runner.py:115} INFO - Job 11: Subtask create_ext   ELASTICSEARCH_END_OF_LOG_MARK = conf.get('elasticsearch', 'END_OF_LOG_MARK')
[2020-04-07 23:39:47,147] {base_task_runner.py:115} INFO - Job 11: Subtask create_ext [2020-04-07 23:39:47,145] {settings.py:252} INFO - settings.configure_orm(): Using pool settings. pool_size=5, max_overflow=10, pool_recycle=1800, pid=6228
[2020-04-07 23:39:48,557] {base_task_runner.py:115} INFO - Job 11: Subtask create_ext [2020-04-07 23:39:48,557] {__init__.py:51} INFO - Using executor LocalExecutor
[2020-04-07 23:39:48,557] {base_task_runner.py:115} INFO - Job 11: Subtask create_ext [2020-04-07 23:39:48,557] {dagbag.py:92} INFO - Filling up the DagBag from /usr/local/airflow/dags/test.py
[2020-04-07 23:39:48,668] {base_task_runner.py:115} INFO - Job 11: Subtask create_ext [2020-04-07 23:39:48,664] {cli.py:545} INFO - Running <TaskInstance: Create_Target_Tables.create_ext 2020-04-07T23:38:56.734963+00:00 [running]> on host cbfea4d5d23b
[2020-04-07 23:39:48,711] {python_operator.py:105} INFO - Exporting the following env vars:
AIRFLOW_CTX_DAG_ID=Create_Target_Tables
AIRFLOW_CTX_TASK_ID=create_ext
AIRFLOW_CTX_EXECUTION_DATE=2020-04-07T23:38:56.734963+00:00
AIRFLOW_CTX_DAG_RUN_ID=manual__2020-04-07T23:38:56.734963+00:00
[2020-04-07 23:39:48,716] {python_operator.py:114} INFO - Done. Returned value was: True
[2020-04-07 23:39:49,048] {logging_mixin.py:112} INFO - [2020-04-07 23:39:49,048] {local_task_job.py:167} WARNING - State of this instance has been externally set to success. Taking the poison pill.
[2020-04-07 23:39:49,054] {helpers.py:308} INFO - Sending Signals.SIGTERM to GPID 6228
[2020-04-07 23:39:49,065] {helpers.py:286} INFO - Process psutil.Process(pid=6228, status='terminated') (6228) terminated with exit code -15
[2020-04-07 23:39:49,066] {logging_mixin.py:112} INFO - [2020-04-07 23:39:49,066] {local_task_job.py:124} WARNING - Time since last heartbeat(0.06 s) < heartrate(5.0 s), sleeping for 4.940112 s
[2020-04-07 23:39:54,013] {logging_mixin.py:112} INFO - [2020-04-07 23:39:54,012] {local_task_job.py:103} INFO - Task exited with return code 0
