[2020-04-07 23:40:03,510] {taskinstance.py:630} INFO - Dependencies all met for <TaskInstance: Create_Target_Tables.delete_source_table 2020-04-07T23:38:56.734963+00:00 [queued]>
[2020-04-07 23:40:03,641] {taskinstance.py:630} INFO - Dependencies all met for <TaskInstance: Create_Target_Tables.delete_source_table 2020-04-07T23:38:56.734963+00:00 [queued]>
[2020-04-07 23:40:03,642] {taskinstance.py:841} INFO - 
--------------------------------------------------------------------------------
[2020-04-07 23:40:03,642] {taskinstance.py:842} INFO - Starting attempt 1 of 1
[2020-04-07 23:40:03,642] {taskinstance.py:843} INFO - 
--------------------------------------------------------------------------------
[2020-04-07 23:40:03,680] {taskinstance.py:862} INFO - Executing <Task(PostgresOperator): delete_source_table> on 2020-04-07T23:38:56.734963+00:00
[2020-04-07 23:40:03,681] {base_task_runner.py:133} INFO - Running: ['airflow', 'run', 'Create_Target_Tables', 'delete_source_table', '2020-04-07T23:38:56.734963+00:00', '--job_id', '13', '--pool', 'default_pool', '--raw', '-sd', 'DAGS_FOLDER/test.py', '--cfg_path', '/tmp/tmp81_0umja']
[2020-04-07 23:40:05,401] {base_task_runner.py:115} INFO - Job 13: Subtask delete_source_table /usr/local/lib/python3.7/site-packages/airflow/configuration.py:226: FutureWarning: The task_runner setting in [core] has the old default value of 'BashTaskRunner'. This value has been changed to 'StandardTaskRunner' in the running config, but please update your config before Apache Airflow 2.0.
[2020-04-07 23:40:05,401] {base_task_runner.py:115} INFO - Job 13: Subtask delete_source_table   FutureWarning
[2020-04-07 23:40:05,401] {base_task_runner.py:115} INFO - Job 13: Subtask delete_source_table /usr/local/lib/python3.7/site-packages/airflow/config_templates/airflow_local_settings.py:65: DeprecationWarning: The elasticsearch_host option in [elasticsearch] has been renamed to host - the old setting has been used, but please update your config.
[2020-04-07 23:40:05,401] {base_task_runner.py:115} INFO - Job 13: Subtask delete_source_table   ELASTICSEARCH_HOST = conf.get('elasticsearch', 'HOST')
[2020-04-07 23:40:05,402] {base_task_runner.py:115} INFO - Job 13: Subtask delete_source_table /usr/local/lib/python3.7/site-packages/airflow/config_templates/airflow_local_settings.py:67: DeprecationWarning: The elasticsearch_log_id_template option in [elasticsearch] has been renamed to log_id_template - the old setting has been used, but please update your config.
[2020-04-07 23:40:05,402] {base_task_runner.py:115} INFO - Job 13: Subtask delete_source_table   ELASTICSEARCH_LOG_ID_TEMPLATE = conf.get('elasticsearch', 'LOG_ID_TEMPLATE')
[2020-04-07 23:40:05,402] {base_task_runner.py:115} INFO - Job 13: Subtask delete_source_table /usr/local/lib/python3.7/site-packages/airflow/config_templates/airflow_local_settings.py:69: DeprecationWarning: The elasticsearch_end_of_log_mark option in [elasticsearch] has been renamed to end_of_log_mark - the old setting has been used, but please update your config.
[2020-04-07 23:40:05,402] {base_task_runner.py:115} INFO - Job 13: Subtask delete_source_table   ELASTICSEARCH_END_OF_LOG_MARK = conf.get('elasticsearch', 'END_OF_LOG_MARK')
[2020-04-07 23:40:05,696] {base_task_runner.py:115} INFO - Job 13: Subtask delete_source_table [2020-04-07 23:40:05,696] {settings.py:252} INFO - settings.configure_orm(): Using pool settings. pool_size=5, max_overflow=10, pool_recycle=1800, pid=6450
[2020-04-07 23:40:07,156] {base_task_runner.py:115} INFO - Job 13: Subtask delete_source_table [2020-04-07 23:40:07,148] {__init__.py:51} INFO - Using executor LocalExecutor
[2020-04-07 23:40:07,157] {base_task_runner.py:115} INFO - Job 13: Subtask delete_source_table [2020-04-07 23:40:07,156] {dagbag.py:92} INFO - Filling up the DagBag from /usr/local/airflow/dags/test.py
[2020-04-07 23:40:07,378] {base_task_runner.py:115} INFO - Job 13: Subtask delete_source_table [2020-04-07 23:40:07,376] {cli.py:545} INFO - Running <TaskInstance: Create_Target_Tables.delete_source_table 2020-04-07T23:38:56.734963+00:00 [running]> on host cbfea4d5d23b
[2020-04-07 23:40:07,465] {postgres_operator.py:62} INFO - Executing: DROP TABLE IF EXISTS address CASCADE;
DROP TABLE IF EXISTS company CASCADE;
[2020-04-07 23:40:07,513] {logging_mixin.py:112} INFO - [2020-04-07 23:40:07,512] {base_hook.py:84} INFO - Using connection to: id: source. Host: sourcedb, Port: 5432, Schema: sourcedb, Login: sourcedb, Password: XXXXXXXX, extra: {}
[2020-04-07 23:40:07,531] {logging_mixin.py:112} INFO - [2020-04-07 23:40:07,531] {dbapi_hook.py:171} INFO - DROP TABLE IF EXISTS address CASCADE;
DROP TABLE IF EXISTS company CASCADE;
[2020-04-07 23:40:08,489] {logging_mixin.py:112} INFO - [2020-04-07 23:40:08,488] {local_task_job.py:124} WARNING - Time since last heartbeat(0.03 s) < heartrate(5.0 s), sleeping for 4.971467 s
[2020-04-07 23:40:13,465] {logging_mixin.py:112} INFO - [2020-04-07 23:40:13,464] {local_task_job.py:103} INFO - Task exited with return code 0
