[2020-04-07 23:39:21,951] {taskinstance.py:630} INFO - Dependencies all met for <TaskInstance: Create_Target_Tables.connection_src 2020-04-07T23:38:56.734963+00:00 [queued]>
[2020-04-07 23:39:22,212] {taskinstance.py:630} INFO - Dependencies all met for <TaskInstance: Create_Target_Tables.connection_src 2020-04-07T23:38:56.734963+00:00 [queued]>
[2020-04-07 23:39:22,212] {taskinstance.py:841} INFO - 
--------------------------------------------------------------------------------
[2020-04-07 23:39:22,212] {taskinstance.py:842} INFO - Starting attempt 1 of 1
[2020-04-07 23:39:22,213] {taskinstance.py:843} INFO - 
--------------------------------------------------------------------------------
[2020-04-07 23:39:22,295] {taskinstance.py:862} INFO - Executing <Task(PythonOperator): connection_src> on 2020-04-07T23:38:56.734963+00:00
[2020-04-07 23:39:22,295] {base_task_runner.py:133} INFO - Running: ['airflow', 'run', 'Create_Target_Tables', 'connection_src', '2020-04-07T23:38:56.734963+00:00', '--job_id', '7', '--pool', 'default_pool', '--raw', '-sd', 'DAGS_FOLDER/test.py', '--cfg_path', '/tmp/tmplr6kvef_']
[2020-04-07 23:39:24,303] {base_task_runner.py:115} INFO - Job 7: Subtask connection_src /usr/local/lib/python3.7/site-packages/airflow/configuration.py:226: FutureWarning: The task_runner setting in [core] has the old default value of 'BashTaskRunner'. This value has been changed to 'StandardTaskRunner' in the running config, but please update your config before Apache Airflow 2.0.
[2020-04-07 23:39:24,303] {base_task_runner.py:115} INFO - Job 7: Subtask connection_src   FutureWarning
[2020-04-07 23:39:24,303] {base_task_runner.py:115} INFO - Job 7: Subtask connection_src /usr/local/lib/python3.7/site-packages/airflow/config_templates/airflow_local_settings.py:65: DeprecationWarning: The elasticsearch_host option in [elasticsearch] has been renamed to host - the old setting has been used, but please update your config.
[2020-04-07 23:39:24,303] {base_task_runner.py:115} INFO - Job 7: Subtask connection_src   ELASTICSEARCH_HOST = conf.get('elasticsearch', 'HOST')
[2020-04-07 23:39:24,303] {base_task_runner.py:115} INFO - Job 7: Subtask connection_src /usr/local/lib/python3.7/site-packages/airflow/config_templates/airflow_local_settings.py:67: DeprecationWarning: The elasticsearch_log_id_template option in [elasticsearch] has been renamed to log_id_template - the old setting has been used, but please update your config.
[2020-04-07 23:39:24,303] {base_task_runner.py:115} INFO - Job 7: Subtask connection_src   ELASTICSEARCH_LOG_ID_TEMPLATE = conf.get('elasticsearch', 'LOG_ID_TEMPLATE')
[2020-04-07 23:39:24,304] {base_task_runner.py:115} INFO - Job 7: Subtask connection_src /usr/local/lib/python3.7/site-packages/airflow/config_templates/airflow_local_settings.py:69: DeprecationWarning: The elasticsearch_end_of_log_mark option in [elasticsearch] has been renamed to end_of_log_mark - the old setting has been used, but please update your config.
[2020-04-07 23:39:24,304] {base_task_runner.py:115} INFO - Job 7: Subtask connection_src   ELASTICSEARCH_END_OF_LOG_MARK = conf.get('elasticsearch', 'END_OF_LOG_MARK')
[2020-04-07 23:39:24,701] {base_task_runner.py:115} INFO - Job 7: Subtask connection_src [2020-04-07 23:39:24,700] {settings.py:252} INFO - settings.configure_orm(): Using pool settings. pool_size=5, max_overflow=10, pool_recycle=1800, pid=6002
[2020-04-07 23:39:25,953] {base_task_runner.py:115} INFO - Job 7: Subtask connection_src [2020-04-07 23:39:25,952] {__init__.py:51} INFO - Using executor LocalExecutor
[2020-04-07 23:39:25,953] {base_task_runner.py:115} INFO - Job 7: Subtask connection_src [2020-04-07 23:39:25,953] {dagbag.py:92} INFO - Filling up the DagBag from /usr/local/airflow/dags/test.py
[2020-04-07 23:39:26,084] {base_task_runner.py:115} INFO - Job 7: Subtask connection_src [2020-04-07 23:39:26,083] {cli.py:545} INFO - Running <TaskInstance: Create_Target_Tables.connection_src 2020-04-07T23:38:56.734963+00:00 [running]> on host cbfea4d5d23b
[2020-04-07 23:39:26,147] {python_operator.py:105} INFO - Exporting the following env vars:
AIRFLOW_CTX_DAG_ID=Create_Target_Tables
AIRFLOW_CTX_TASK_ID=connection_src
AIRFLOW_CTX_EXECUTION_DATE=2020-04-07T23:38:56.734963+00:00
AIRFLOW_CTX_DAG_RUN_ID=manual__2020-04-07T23:38:56.734963+00:00
[2020-04-07 23:39:26,165] {python_operator.py:114} INFO - Done. Returned value was: True
[2020-04-07 23:39:26,835] {logging_mixin.py:112} INFO - [2020-04-07 23:39:26,834] {local_task_job.py:124} WARNING - Time since last heartbeat(0.02 s) < heartrate(5.0 s), sleeping for 4.982895 s
[2020-04-07 23:39:31,821] {logging_mixin.py:112} INFO - [2020-04-07 23:39:31,820] {local_task_job.py:103} INFO - Task exited with return code 0
