[2020-04-07 23:40:03,821] {taskinstance.py:630} INFO - Dependencies all met for <TaskInstance: Create_Target_Tables.delete_target_table 2020-04-07T23:38:56.734963+00:00 [queued]>
[2020-04-07 23:40:03,919] {taskinstance.py:630} INFO - Dependencies all met for <TaskInstance: Create_Target_Tables.delete_target_table 2020-04-07T23:38:56.734963+00:00 [queued]>
[2020-04-07 23:40:03,920] {taskinstance.py:841} INFO - 
--------------------------------------------------------------------------------
[2020-04-07 23:40:03,920] {taskinstance.py:842} INFO - Starting attempt 1 of 1
[2020-04-07 23:40:03,920] {taskinstance.py:843} INFO - 
--------------------------------------------------------------------------------
[2020-04-07 23:40:03,946] {taskinstance.py:862} INFO - Executing <Task(PostgresOperator): delete_target_table> on 2020-04-07T23:38:56.734963+00:00
[2020-04-07 23:40:03,946] {base_task_runner.py:133} INFO - Running: ['airflow', 'run', 'Create_Target_Tables', 'delete_target_table', '2020-04-07T23:38:56.734963+00:00', '--job_id', '14', '--pool', 'default_pool', '--raw', '-sd', 'DAGS_FOLDER/test.py', '--cfg_path', '/tmp/tmpwxn12lv6']
[2020-04-07 23:40:05,556] {base_task_runner.py:115} INFO - Job 14: Subtask delete_target_table /usr/local/lib/python3.7/site-packages/airflow/configuration.py:226: FutureWarning: The task_runner setting in [core] has the old default value of 'BashTaskRunner'. This value has been changed to 'StandardTaskRunner' in the running config, but please update your config before Apache Airflow 2.0.
[2020-04-07 23:40:05,556] {base_task_runner.py:115} INFO - Job 14: Subtask delete_target_table   FutureWarning
[2020-04-07 23:40:05,556] {base_task_runner.py:115} INFO - Job 14: Subtask delete_target_table /usr/local/lib/python3.7/site-packages/airflow/config_templates/airflow_local_settings.py:65: DeprecationWarning: The elasticsearch_host option in [elasticsearch] has been renamed to host - the old setting has been used, but please update your config.
[2020-04-07 23:40:05,556] {base_task_runner.py:115} INFO - Job 14: Subtask delete_target_table   ELASTICSEARCH_HOST = conf.get('elasticsearch', 'HOST')
[2020-04-07 23:40:05,556] {base_task_runner.py:115} INFO - Job 14: Subtask delete_target_table /usr/local/lib/python3.7/site-packages/airflow/config_templates/airflow_local_settings.py:67: DeprecationWarning: The elasticsearch_log_id_template option in [elasticsearch] has been renamed to log_id_template - the old setting has been used, but please update your config.
[2020-04-07 23:40:05,556] {base_task_runner.py:115} INFO - Job 14: Subtask delete_target_table   ELASTICSEARCH_LOG_ID_TEMPLATE = conf.get('elasticsearch', 'LOG_ID_TEMPLATE')
[2020-04-07 23:40:05,557] {base_task_runner.py:115} INFO - Job 14: Subtask delete_target_table /usr/local/lib/python3.7/site-packages/airflow/config_templates/airflow_local_settings.py:69: DeprecationWarning: The elasticsearch_end_of_log_mark option in [elasticsearch] has been renamed to end_of_log_mark - the old setting has been used, but please update your config.
[2020-04-07 23:40:05,557] {base_task_runner.py:115} INFO - Job 14: Subtask delete_target_table   ELASTICSEARCH_END_OF_LOG_MARK = conf.get('elasticsearch', 'END_OF_LOG_MARK')
[2020-04-07 23:40:05,823] {base_task_runner.py:115} INFO - Job 14: Subtask delete_target_table [2020-04-07 23:40:05,823] {settings.py:252} INFO - settings.configure_orm(): Using pool settings. pool_size=5, max_overflow=10, pool_recycle=1800, pid=6458
[2020-04-07 23:40:07,565] {base_task_runner.py:115} INFO - Job 14: Subtask delete_target_table [2020-04-07 23:40:07,564] {__init__.py:51} INFO - Using executor LocalExecutor
[2020-04-07 23:40:07,566] {base_task_runner.py:115} INFO - Job 14: Subtask delete_target_table [2020-04-07 23:40:07,565] {dagbag.py:92} INFO - Filling up the DagBag from /usr/local/airflow/dags/test.py
[2020-04-07 23:40:07,704] {base_task_runner.py:115} INFO - Job 14: Subtask delete_target_table [2020-04-07 23:40:07,701] {cli.py:545} INFO - Running <TaskInstance: Create_Target_Tables.delete_target_table 2020-04-07T23:38:56.734963+00:00 [running]> on host cbfea4d5d23b
[2020-04-07 23:40:07,769] {postgres_operator.py:62} INFO - Executing: DROP TABLE IF EXISTS address CASCADE;
DROP TABLE IF EXISTS company CASCADE;
[2020-04-07 23:40:07,793] {logging_mixin.py:112} INFO - [2020-04-07 23:40:07,793] {base_hook.py:84} INFO - Using connection to: id: target. Host: sourcedb, Port: 5432, Schema: targetdb, Login: sourcedb, Password: XXXXXXXX, extra: {}
[2020-04-07 23:40:07,799] {logging_mixin.py:112} INFO - [2020-04-07 23:40:07,799] {dbapi_hook.py:171} INFO - DROP TABLE IF EXISTS address CASCADE;
DROP TABLE IF EXISTS company CASCADE;
[2020-04-07 23:40:07,848] {postgres_operator.py:67} INFO - NOTICE:  drop cascades to view last_address_record_inserted

[2020-04-07 23:40:07,848] {postgres_operator.py:67} INFO - NOTICE:  drop cascades to view last_company_record_inserted

[2020-04-07 23:40:08,768] {logging_mixin.py:112} INFO - [2020-04-07 23:40:08,768] {local_task_job.py:124} WARNING - Time since last heartbeat(0.02 s) < heartrate(5.0 s), sleeping for 4.981683 s
[2020-04-07 23:40:13,756] {logging_mixin.py:112} INFO - [2020-04-07 23:40:13,755] {local_task_job.py:103} INFO - Task exited with return code 0
