[2020-04-15 15:53:51,946] {taskinstance.py:630} INFO - Dependencies all met for <TaskInstance: Create_Target_Tables.delete_db 2020-04-15T15:53:45.023468+00:00 [queued]>
[2020-04-15 15:53:52,001] {taskinstance.py:630} INFO - Dependencies all met for <TaskInstance: Create_Target_Tables.delete_db 2020-04-15T15:53:45.023468+00:00 [queued]>
[2020-04-15 15:53:52,001] {taskinstance.py:841} INFO - 
--------------------------------------------------------------------------------
[2020-04-15 15:53:52,001] {taskinstance.py:842} INFO - Starting attempt 1 of 1
[2020-04-15 15:53:52,001] {taskinstance.py:843} INFO - 
--------------------------------------------------------------------------------
[2020-04-15 15:53:52,037] {taskinstance.py:862} INFO - Executing <Task(PythonOperator): delete_db> on 2020-04-15T15:53:45.023468+00:00
[2020-04-15 15:53:52,038] {base_task_runner.py:133} INFO - Running: ['airflow', 'run', 'Create_Target_Tables', 'delete_db', '2020-04-15T15:53:45.023468+00:00', '--job_id', '92', '--pool', 'default_pool', '--raw', '-sd', 'DAGS_FOLDER/test.py', '--cfg_path', '/tmp/tmp0vkupf3l']
[2020-04-15 15:53:55,396] {base_task_runner.py:115} INFO - Job 92: Subtask delete_db /usr/local/lib/python3.7/site-packages/airflow/configuration.py:226: FutureWarning: The task_runner setting in [core] has the old default value of 'BashTaskRunner'. This value has been changed to 'StandardTaskRunner' in the running config, but please update your config before Apache Airflow 2.0.
[2020-04-15 15:53:55,396] {base_task_runner.py:115} INFO - Job 92: Subtask delete_db   FutureWarning
[2020-04-15 15:53:55,397] {base_task_runner.py:115} INFO - Job 92: Subtask delete_db /usr/local/lib/python3.7/site-packages/airflow/config_templates/airflow_local_settings.py:65: DeprecationWarning: The elasticsearch_host option in [elasticsearch] has been renamed to host - the old setting has been used, but please update your config.
[2020-04-15 15:53:55,397] {base_task_runner.py:115} INFO - Job 92: Subtask delete_db   ELASTICSEARCH_HOST = conf.get('elasticsearch', 'HOST')
[2020-04-15 15:53:55,397] {base_task_runner.py:115} INFO - Job 92: Subtask delete_db /usr/local/lib/python3.7/site-packages/airflow/config_templates/airflow_local_settings.py:67: DeprecationWarning: The elasticsearch_log_id_template option in [elasticsearch] has been renamed to log_id_template - the old setting has been used, but please update your config.
[2020-04-15 15:53:55,397] {base_task_runner.py:115} INFO - Job 92: Subtask delete_db   ELASTICSEARCH_LOG_ID_TEMPLATE = conf.get('elasticsearch', 'LOG_ID_TEMPLATE')
[2020-04-15 15:53:55,397] {base_task_runner.py:115} INFO - Job 92: Subtask delete_db /usr/local/lib/python3.7/site-packages/airflow/config_templates/airflow_local_settings.py:69: DeprecationWarning: The elasticsearch_end_of_log_mark option in [elasticsearch] has been renamed to end_of_log_mark - the old setting has been used, but please update your config.
[2020-04-15 15:53:55,397] {base_task_runner.py:115} INFO - Job 92: Subtask delete_db   ELASTICSEARCH_END_OF_LOG_MARK = conf.get('elasticsearch', 'END_OF_LOG_MARK')
[2020-04-15 15:53:56,301] {base_task_runner.py:115} INFO - Job 92: Subtask delete_db [2020-04-15 15:53:56,301] {settings.py:252} INFO - settings.configure_orm(): Using pool settings. pool_size=5, max_overflow=10, pool_recycle=1800, pid=1782
[2020-04-15 15:53:56,990] {logging_mixin.py:112} INFO - [2020-04-15 15:53:56,990] {local_task_job.py:124} WARNING - Time since last heartbeat(0.07 s) < heartrate(5.0 s), sleeping for 4.932663 s
[2020-04-15 15:53:59,389] {base_task_runner.py:115} INFO - Job 92: Subtask delete_db [2020-04-15 15:53:59,385] {__init__.py:51} INFO - Using executor LocalExecutor
[2020-04-15 15:53:59,389] {base_task_runner.py:115} INFO - Job 92: Subtask delete_db [2020-04-15 15:53:59,386] {dagbag.py:92} INFO - Filling up the DagBag from /usr/local/airflow/dags/test.py
[2020-04-15 15:53:59,534] {base_task_runner.py:115} INFO - Job 92: Subtask delete_db [2020-04-15 15:53:59,533] {cli.py:545} INFO - Running <TaskInstance: Create_Target_Tables.delete_db 2020-04-15T15:53:45.023468+00:00 [running]> on host 782305ba671a
[2020-04-15 15:53:59,597] {python_operator.py:105} INFO - Exporting the following env vars:
AIRFLOW_CTX_DAG_ID=Create_Target_Tables
AIRFLOW_CTX_TASK_ID=delete_db
AIRFLOW_CTX_EXECUTION_DATE=2020-04-15T15:53:45.023468+00:00
AIRFLOW_CTX_DAG_RUN_ID=manual__2020-04-15T15:53:45.023468+00:00
[2020-04-15 15:54:02,029] {logging_mixin.py:112} INFO - [2020-04-15 15:54:02,028] {local_task_job.py:124} WARNING - Time since last heartbeat(0.03 s) < heartrate(5.0 s), sleeping for 4.967632 s
[2020-04-15 15:54:04,650] {logging_mixin.py:112} INFO - database "targetdb" is being accessed by other users
DETAIL:  There are 8 other sessions using the database.
[2020-04-15 15:54:04,650] {logging_mixin.py:112} INFO - 
[2020-04-15 15:54:04,650] {python_operator.py:114} INFO - Done. Returned value was: False
[2020-04-15 15:54:07,000] {logging_mixin.py:112} INFO - [2020-04-15 15:54:06,999] {local_task_job.py:103} INFO - Task exited with return code 0
