[2020-04-13 00:32:07,924] {taskinstance.py:630} INFO - Dependencies all met for <TaskInstance: Create_Target_Tables.delete_target_table 2020-04-13T00:31:23.000066+00:00 [queued]>
[2020-04-13 00:32:08,000] {taskinstance.py:630} INFO - Dependencies all met for <TaskInstance: Create_Target_Tables.delete_target_table 2020-04-13T00:31:23.000066+00:00 [queued]>
[2020-04-13 00:32:08,000] {taskinstance.py:841} INFO - 
--------------------------------------------------------------------------------
[2020-04-13 00:32:08,000] {taskinstance.py:842} INFO - Starting attempt 1 of 1
[2020-04-13 00:32:08,001] {taskinstance.py:843} INFO - 
--------------------------------------------------------------------------------
[2020-04-13 00:32:08,023] {taskinstance.py:862} INFO - Executing <Task(PostgresOperator): delete_target_table> on 2020-04-13T00:31:23.000066+00:00
[2020-04-13 00:32:08,024] {base_task_runner.py:133} INFO - Running: ['airflow', 'run', 'Create_Target_Tables', 'delete_target_table', '2020-04-13T00:31:23.000066+00:00', '--job_id', '78', '--pool', 'default_pool', '--raw', '-sd', 'DAGS_FOLDER/test.py', '--cfg_path', '/tmp/tmpws8qkqzt']
[2020-04-13 00:32:09,622] {base_task_runner.py:115} INFO - Job 78: Subtask delete_target_table /usr/local/lib/python3.7/site-packages/airflow/configuration.py:226: FutureWarning: The task_runner setting in [core] has the old default value of 'BashTaskRunner'. This value has been changed to 'StandardTaskRunner' in the running config, but please update your config before Apache Airflow 2.0.
[2020-04-13 00:32:09,622] {base_task_runner.py:115} INFO - Job 78: Subtask delete_target_table   FutureWarning
[2020-04-13 00:32:09,622] {base_task_runner.py:115} INFO - Job 78: Subtask delete_target_table /usr/local/lib/python3.7/site-packages/airflow/config_templates/airflow_local_settings.py:65: DeprecationWarning: The elasticsearch_host option in [elasticsearch] has been renamed to host - the old setting has been used, but please update your config.
[2020-04-13 00:32:09,623] {base_task_runner.py:115} INFO - Job 78: Subtask delete_target_table   ELASTICSEARCH_HOST = conf.get('elasticsearch', 'HOST')
[2020-04-13 00:32:09,623] {base_task_runner.py:115} INFO - Job 78: Subtask delete_target_table /usr/local/lib/python3.7/site-packages/airflow/config_templates/airflow_local_settings.py:67: DeprecationWarning: The elasticsearch_log_id_template option in [elasticsearch] has been renamed to log_id_template - the old setting has been used, but please update your config.
[2020-04-13 00:32:09,623] {base_task_runner.py:115} INFO - Job 78: Subtask delete_target_table   ELASTICSEARCH_LOG_ID_TEMPLATE = conf.get('elasticsearch', 'LOG_ID_TEMPLATE')
[2020-04-13 00:32:09,623] {base_task_runner.py:115} INFO - Job 78: Subtask delete_target_table /usr/local/lib/python3.7/site-packages/airflow/config_templates/airflow_local_settings.py:69: DeprecationWarning: The elasticsearch_end_of_log_mark option in [elasticsearch] has been renamed to end_of_log_mark - the old setting has been used, but please update your config.
[2020-04-13 00:32:09,623] {base_task_runner.py:115} INFO - Job 78: Subtask delete_target_table   ELASTICSEARCH_END_OF_LOG_MARK = conf.get('elasticsearch', 'END_OF_LOG_MARK')
[2020-04-13 00:32:09,867] {base_task_runner.py:115} INFO - Job 78: Subtask delete_target_table [2020-04-13 00:32:09,866] {settings.py:252} INFO - settings.configure_orm(): Using pool settings. pool_size=5, max_overflow=10, pool_recycle=1800, pid=1703
[2020-04-13 00:32:11,177] {base_task_runner.py:115} INFO - Job 78: Subtask delete_target_table [2020-04-13 00:32:11,176] {__init__.py:51} INFO - Using executor LocalExecutor
[2020-04-13 00:32:11,177] {base_task_runner.py:115} INFO - Job 78: Subtask delete_target_table [2020-04-13 00:32:11,177] {dagbag.py:92} INFO - Filling up the DagBag from /usr/local/airflow/dags/test.py
[2020-04-13 00:32:11,334] {base_task_runner.py:115} INFO - Job 78: Subtask delete_target_table [2020-04-13 00:32:11,333] {cli.py:545} INFO - Running <TaskInstance: Create_Target_Tables.delete_target_table 2020-04-13T00:31:23.000066+00:00 [running]> on host fec4acbf91c3
[2020-04-13 00:32:11,392] {postgres_operator.py:62} INFO - Executing: DROP TABLE IF EXISTS address CASCADE;
DROP TABLE IF EXISTS company CASCADE;
[2020-04-13 00:32:11,423] {logging_mixin.py:112} INFO - [2020-04-13 00:32:11,423] {base_hook.py:84} INFO - Using connection to: id: target. Host: sourcedb, Port: 5432, Schema: targetdb, Login: sourcedb, Password: XXXXXXXX, extra: {}
[2020-04-13 00:32:11,436] {logging_mixin.py:112} INFO - [2020-04-13 00:32:11,436] {dbapi_hook.py:171} INFO - DROP TABLE IF EXISTS address CASCADE;
DROP TABLE IF EXISTS company CASCADE;
[2020-04-13 00:32:11,461] {postgres_operator.py:67} INFO - NOTICE:  drop cascades to view last_address_record_inserted

[2020-04-13 00:32:11,461] {postgres_operator.py:67} INFO - NOTICE:  drop cascades to view last_company_record_inserted

[2020-04-13 00:32:12,871] {logging_mixin.py:112} INFO - [2020-04-13 00:32:12,871] {local_task_job.py:124} WARNING - Time since last heartbeat(0.02 s) < heartrate(5.0 s), sleeping for 4.984211 s
[2020-04-13 00:32:17,858] {logging_mixin.py:112} INFO - [2020-04-13 00:32:17,857] {local_task_job.py:103} INFO - Task exited with return code 0
