[2020-04-12 23:34:59,291] {taskinstance.py:630} INFO - Dependencies all met for <TaskInstance: Create_Target_Tables.create_trg 2020-04-12T23:34:20.077093+00:00 [queued]>
[2020-04-12 23:34:59,353] {taskinstance.py:630} INFO - Dependencies all met for <TaskInstance: Create_Target_Tables.create_trg 2020-04-12T23:34:20.077093+00:00 [queued]>
[2020-04-12 23:34:59,353] {taskinstance.py:841} INFO - 
--------------------------------------------------------------------------------
[2020-04-12 23:34:59,353] {taskinstance.py:842} INFO - Starting attempt 1 of 1
[2020-04-12 23:34:59,353] {taskinstance.py:843} INFO - 
--------------------------------------------------------------------------------
[2020-04-12 23:34:59,367] {taskinstance.py:862} INFO - Executing <Task(PythonOperator): create_trg> on 2020-04-12T23:34:20.077093+00:00
[2020-04-12 23:34:59,368] {base_task_runner.py:133} INFO - Running: ['airflow', 'run', 'Create_Target_Tables', 'create_trg', '2020-04-12T23:34:20.077093+00:00', '--job_id', '54', '--pool', 'default_pool', '--raw', '-sd', 'DAGS_FOLDER/test.py', '--cfg_path', '/tmp/tmpb3lscn9d']
[2020-04-12 23:35:00,793] {base_task_runner.py:115} INFO - Job 54: Subtask create_trg /usr/local/lib/python3.7/site-packages/airflow/configuration.py:226: FutureWarning: The task_runner setting in [core] has the old default value of 'BashTaskRunner'. This value has been changed to 'StandardTaskRunner' in the running config, but please update your config before Apache Airflow 2.0.
[2020-04-12 23:35:00,793] {base_task_runner.py:115} INFO - Job 54: Subtask create_trg   FutureWarning
[2020-04-12 23:35:00,794] {base_task_runner.py:115} INFO - Job 54: Subtask create_trg /usr/local/lib/python3.7/site-packages/airflow/config_templates/airflow_local_settings.py:65: DeprecationWarning: The elasticsearch_host option in [elasticsearch] has been renamed to host - the old setting has been used, but please update your config.
[2020-04-12 23:35:00,794] {base_task_runner.py:115} INFO - Job 54: Subtask create_trg   ELASTICSEARCH_HOST = conf.get('elasticsearch', 'HOST')
[2020-04-12 23:35:00,794] {base_task_runner.py:115} INFO - Job 54: Subtask create_trg /usr/local/lib/python3.7/site-packages/airflow/config_templates/airflow_local_settings.py:67: DeprecationWarning: The elasticsearch_log_id_template option in [elasticsearch] has been renamed to log_id_template - the old setting has been used, but please update your config.
[2020-04-12 23:35:00,794] {base_task_runner.py:115} INFO - Job 54: Subtask create_trg   ELASTICSEARCH_LOG_ID_TEMPLATE = conf.get('elasticsearch', 'LOG_ID_TEMPLATE')
[2020-04-12 23:35:00,794] {base_task_runner.py:115} INFO - Job 54: Subtask create_trg /usr/local/lib/python3.7/site-packages/airflow/config_templates/airflow_local_settings.py:69: DeprecationWarning: The elasticsearch_end_of_log_mark option in [elasticsearch] has been renamed to end_of_log_mark - the old setting has been used, but please update your config.
[2020-04-12 23:35:00,794] {base_task_runner.py:115} INFO - Job 54: Subtask create_trg   ELASTICSEARCH_END_OF_LOG_MARK = conf.get('elasticsearch', 'END_OF_LOG_MARK')
[2020-04-12 23:35:01,104] {base_task_runner.py:115} INFO - Job 54: Subtask create_trg [2020-04-12 23:35:01,103] {settings.py:252} INFO - settings.configure_orm(): Using pool settings. pool_size=5, max_overflow=10, pool_recycle=1800, pid=4271
[2020-04-12 23:35:02,339] {base_task_runner.py:115} INFO - Job 54: Subtask create_trg [2020-04-12 23:35:02,338] {__init__.py:51} INFO - Using executor LocalExecutor
[2020-04-12 23:35:02,339] {base_task_runner.py:115} INFO - Job 54: Subtask create_trg [2020-04-12 23:35:02,339] {dagbag.py:92} INFO - Filling up the DagBag from /usr/local/airflow/dags/test.py
[2020-04-12 23:35:02,437] {base_task_runner.py:115} INFO - Job 54: Subtask create_trg [2020-04-12 23:35:02,436] {cli.py:545} INFO - Running <TaskInstance: Create_Target_Tables.create_trg 2020-04-12T23:34:20.077093+00:00 [running]> on host f560175c2024
[2020-04-12 23:35:02,486] {python_operator.py:105} INFO - Exporting the following env vars:
AIRFLOW_CTX_DAG_ID=Create_Target_Tables
AIRFLOW_CTX_TASK_ID=create_trg
AIRFLOW_CTX_EXECUTION_DATE=2020-04-12T23:34:20.077093+00:00
AIRFLOW_CTX_DAG_RUN_ID=manual__2020-04-12T23:34:20.077093+00:00
[2020-04-12 23:35:02,487] {python_operator.py:114} INFO - Done. Returned value was: True
[2020-04-12 23:35:04,280] {logging_mixin.py:112} INFO - [2020-04-12 23:35:04,279] {local_task_job.py:124} WARNING - Time since last heartbeat(0.04 s) < heartrate(5.0 s), sleeping for 4.964654 s
[2020-04-12 23:35:09,250] {logging_mixin.py:112} INFO - [2020-04-12 23:35:09,249] {local_task_job.py:103} INFO - Task exited with return code 0
